2023-07-14 09:57:08 [Scraping] - Beginning docket scraping.
2023-07-14 12:09:27 [Scraping] - Docket scraping complete.
                                   [INFO] 15061 dockets addeds.
2023-07-14 12:09:27 [Extract]  - Beginning info extract.
2023-07-14 12:09:44 [Extract]  - Info extract complete.
                                   [INFO] Sucess!
2023-07-14 12:09:44 [Lineups]  - Beginning lineups treatment.
2023-07-15 11:41:17 [Extract]  - Beginning info extract.
2023-07-15 11:41:17 [Extract]  - Info extract complete.
                                   [INFO] Sucess!
2023-07-15 11:41:17 [Lineups]  - Beginning lineups treatment.
2023-07-15 11:41:17 [Lineups]  - Lineups complete.

-------------------------------------------------------------------------------------

2023-07-15 11:42:12 [Extract]  - Beginning info extract.
2023-07-15 11:42:12 [Extract]  - Info extract complete.
                                   [INFO] Sucess!
2023-07-15 11:42:12 [Lineups]  - Beginning lineups treatment.
2023-07-15 11:42:51 [Extract]  - Beginning info extract.
2023-07-15 11:42:51 [Extract]  - Info extract complete.
                                   [INFO] Sucess!
2023-07-15 11:42:51 [Lineups]  - Beginning lineups treatment.
2023-07-15 11:43:11 [Extract]  - Beginning info extract.
2023-07-15 11:43:11 [Extract]  - Info extract complete.
                                   [INFO] Sucess!
2023-07-15 11:43:11 [Lineups]  - Beginning lineups treatment.
2023-07-15 11:44:42 [Extract]  - Beginning info extract.
2023-07-15 11:44:43 [Extract]  - Info extract complete.
                                   [INFO] Sucess!
2023-07-15 11:44:43 [Lineups]  - Beginning lineups treatment.
2023-07-15 11:44:55 [Extract]  - Beginning info extract.
2023-07-15 11:44:55 [Extract]  - Info extract complete.
                                   [INFO] Sucess!
2023-07-15 11:44:55 [Lineups]  - Beginning lineups treatment.
2023-07-15 11:46:01 [Extract]  - Beginning info extract.
2023-07-15 11:46:01 [Extract]  - Info extract complete.
                                   [INFO] Sucess!
2023-07-15 11:46:01 [Lineups]  - Beginning lineups treatment.
2023-07-15 11:47:43 [Extract]  - Beginning info extract.
2023-07-15 11:47:43 [Extract]  - Info extract complete.
                                   [INFO] Sucess!
2023-07-15 11:47:43 [Lineups]  - Beginning lineups treatment.
2023-07-15 11:47:50 [Lineups]  - Lineups complete.

-------------------------------------------------------------------------------------

